  InsufficientBalanceException.cpp
  InvalidDepositException.cpp
  InvalidWithdrawException.cpp
  EntryMapper.cpp
  Account.cpp
  CheckingAccount.cpp
  DepositAccount.cpp
  SavingsAccount.cpp
  TransferFeeCalculator.cpp
  TransferOperation.cpp
  Transaction.cpp
  TransactionEntry.cpp
  TransactionProcessor.cpp
  Money.cpp
  Database.cpp
  AccountFactory.cpp
  SqliteAccountRepository.cpp
  SqliteTransactionRepository.cpp
  MiniBankingCore.Lib.cpp
  Generating Code...
  sqlite3.c
  MiniBankingCore.Lib.vcxproj -> C:\Users\HP\source\repos\MiniBankingCore\x64\Debug\MiniBankingCore.Lib.lib
